***** Train *****
{'loss': 26.9481, 'learning_rate': 4.9407512738476124e-05, 'epoch': 0.18}
{'loss': 4.28, 'learning_rate': 4.8815025476952246e-05, 'epoch': 0.36}
{'loss': 3.0102, 'learning_rate': 4.822253821542837e-05, 'epoch': 0.53}
{'loss': 2.3574, 'learning_rate': 4.763005095390449e-05, 'epoch': 0.71}
{'loss': 2.1304, 'learning_rate': 4.703756369238061e-05, 'epoch': 0.89}
{'eval_f1': 0.8140859658206074, 'eval_precision': 0.7867867867865899, 'eval_recall': 0.8433476394847523, 'eval_loss': 1.7296655178070068, 'epoch': 1.0}
{'loss': 2.1189, 'learning_rate': 4.644507643085674e-05, 'epoch': 1.07}
{'loss': 1.7972, 'learning_rate': 4.585258916933286e-05, 'epoch': 1.24}
{'loss': 1.724, 'learning_rate': 4.5260101907808984e-05, 'epoch': 1.42}
{'loss': 1.7287, 'learning_rate': 4.4667614646285106e-05, 'epoch': 1.6}
{'loss': 1.7005, 'learning_rate': 4.407512738476123e-05, 'epoch': 1.78}
{'loss': 1.721, 'learning_rate': 4.348264012323735e-05, 'epoch': 1.96}
{'eval_f1': 0.8693311801908574, 'eval_precision': 0.8722657304885573, 'eval_recall': 0.8664163090126431, 'eval_loss': 1.6079809665679932, 'epoch': 2.0}
{'loss': 1.4068, 'learning_rate': 4.289015286171347e-05, 'epoch': 2.13}
{'loss': 1.3503, 'learning_rate': 4.2297665600189594e-05, 'epoch': 2.31}
{'loss': 1.419, 'learning_rate': 4.1705178338665715e-05, 'epoch': 2.49}
{'loss': 1.3527, 'learning_rate': 4.1112691077141844e-05, 'epoch': 2.67}
{'loss': 1.1384, 'learning_rate': 4.0520203815617966e-05, 'epoch': 2.84}
{'eval_f1': 0.880010689470636, 'eval_precision': 0.8767305644300115, 'eval_recall': 0.8833154506435399, 'eval_loss': 1.7561935186386108, 'epoch': 3.0}
{'loss': 1.3161, 'learning_rate': 3.992771655409409e-05, 'epoch': 3.02}
{'loss': 0.9943, 'learning_rate': 3.9335229292570217e-05, 'epoch': 3.2}
{'loss': 1.0685, 'learning_rate': 3.874274203104634e-05, 'epoch': 3.38}
{'loss': 1.1079, 'learning_rate': 3.815025476952246e-05, 'epoch': 3.55}
{'loss': 1.2976, 'learning_rate': 3.755776750799858e-05, 'epoch': 3.73}
{'loss': 1.4038, 'learning_rate': 3.6965280246474704e-05, 'epoch': 3.91}
{'eval_f1': 0.8900867735995556, 'eval_precision': 0.872872614749646, 'eval_recall': 0.9079935622315161, 'eval_loss': 2.485158920288086, 'epoch': 4.0}
{'loss': 1.2553, 'learning_rate': 3.6372792984950826e-05, 'epoch': 4.09}
{'loss': 1.6974, 'learning_rate': 3.578030572342695e-05, 'epoch': 4.27}
{'loss': 1.6586, 'learning_rate': 3.518781846190307e-05, 'epoch': 4.44}
{'loss': 1.7072, 'learning_rate': 3.459533120037919e-05, 'epoch': 4.62}
{'loss': 1.6947, 'learning_rate': 3.4002843938855313e-05, 'epoch': 4.8}
{'loss': 1.8304, 'learning_rate': 3.341035667733144e-05, 'epoch': 4.98}
{'eval_f1': 0.8919814446651049, 'eval_precision': 0.8815823945504633, 'eval_recall': 0.9026287553645648, 'eval_loss': 4.43547248840332, 'epoch': 5.0}
{'loss': 1.4013, 'learning_rate': 3.2817869415807564e-05, 'epoch': 5.15}
{'loss': 2.3168, 'learning_rate': 3.2225382154283686e-05, 'epoch': 5.33}
{'loss': 2.1064, 'learning_rate': 3.163289489275981e-05, 'epoch': 5.51}
{'loss': 2.1599, 'learning_rate': 3.104040763123593e-05, 'epoch': 5.69}
{'loss': 2.2021, 'learning_rate': 3.044792036971205e-05, 'epoch': 5.87}
{'eval_f1': 0.8845948827289754, 'eval_precision': 0.8789724576268859, 'eval_recall': 0.8902896995705767, 'eval_loss': 5.94458532333374, 'epoch': 6.0}
{'loss': 3.203, 'learning_rate': 2.9855433108188173e-05, 'epoch': 6.04}
{'loss': 2.9596, 'learning_rate': 2.92629458466643e-05, 'epoch': 6.22}
{'loss': 2.0646, 'learning_rate': 2.867045858514042e-05, 'epoch': 6.4}
{'loss': 2.1338, 'learning_rate': 2.8077971323616542e-05, 'epoch': 6.58}
{'loss': 2.5641, 'learning_rate': 2.7485484062092664e-05, 'epoch': 6.75}
{'loss': 2.7516, 'learning_rate': 2.6892996800568786e-05, 'epoch': 6.93}
{'eval_f1': 0.8889185224694256, 'eval_precision': 0.8838504375494872, 'eval_recall': 0.8940450643774426, 'eval_loss': 8.835599899291992, 'epoch': 7.0}
{'loss': 2.5316, 'learning_rate': 2.6300509539044908e-05, 'epoch': 7.11}
{'loss': 2.5777, 'learning_rate': 2.5708022277521033e-05, 'epoch': 7.29}
{'loss': 3.3188, 'learning_rate': 2.5115535015997155e-05, 'epoch': 7.47}
{'loss': 3.4989, 'learning_rate': 2.452304775447328e-05, 'epoch': 7.64}
{'loss': 3.706, 'learning_rate': 2.3930560492949402e-05, 'epoch': 7.82}
{'loss': 2.6076, 'learning_rate': 2.3338073231425524e-05, 'epoch': 8.0}
{'eval_f1': 0.8844537815123727, 'eval_precision': 0.866255144032699, 'eval_recall': 0.9034334763946075, 'eval_loss': 9.970514297485352, 'epoch': 8.0}
{'loss': 3.2553, 'learning_rate': 2.2745585969901646e-05, 'epoch': 8.18}
{'loss': 2.8558, 'learning_rate': 2.215309870837777e-05, 'epoch': 8.35}
{'loss': 2.8401, 'learning_rate': 2.1560611446853893e-05, 'epoch': 8.53}
{'loss': 3.552, 'learning_rate': 2.0968124185330015e-05, 'epoch': 8.71}
{'loss': 3.5533, 'learning_rate': 2.0375636923806137e-05, 'epoch': 8.89}
{'eval_f1': 0.8879668049790154, 'eval_precision': 0.8861875500932711, 'eval_recall': 0.8897532188838815, 'eval_loss': 13.989121437072754, 'epoch': 9.0}
{'loss': 4.0666, 'learning_rate': 1.9783149662282262e-05, 'epoch': 9.07}
{'loss': 3.651, 'learning_rate': 1.9190662400758384e-05, 'epoch': 9.24}
{'loss': 3.3126, 'learning_rate': 1.859817513923451e-05, 'epoch': 9.42}
{'loss': 5.2004, 'learning_rate': 1.800568787771063e-05, 'epoch': 9.6}
{'loss': 3.7458, 'learning_rate': 1.7413200616186753e-05, 'epoch': 9.78}
{'loss': 3.1273, 'learning_rate': 1.6820713354662875e-05, 'epoch': 9.95}
{'eval_f1': 0.8969551921284677, 'eval_precision': 0.8892697073554207, 'eval_recall': 0.9047746781113453, 'eval_loss': 16.304855346679688, 'epoch': 10.0}
{'loss': 3.423, 'learning_rate': 1.6228226093138997e-05, 'epoch': 10.13}
{'loss': 3.9111, 'learning_rate': 1.5635738831615122e-05, 'epoch': 10.31}
{'loss': 2.9338, 'learning_rate': 1.5043251570091244e-05, 'epoch': 10.49}
{'loss': 3.7632, 'learning_rate': 1.4450764308567366e-05, 'epoch': 10.66}
{'loss': 3.2862, 'learning_rate': 1.385827704704349e-05, 'epoch': 10.84}
{'eval_f1': 0.9032431705017082, 'eval_precision': 0.9062921955169035, 'eval_recall': 0.9002145922744367, 'eval_loss': 17.446949005126953, 'epoch': 11.0}
{'loss': 4.1899, 'learning_rate': 1.3265789785519611e-05, 'epoch': 11.02}
{'loss': 2.5846, 'learning_rate': 1.2673302523995733e-05, 'epoch': 11.2}
{'loss': 2.791, 'learning_rate': 1.2080815262471858e-05, 'epoch': 11.38}
{'loss': 2.9137, 'learning_rate': 1.148832800094798e-05, 'epoch': 11.55}
{'loss': 3.9292, 'learning_rate': 1.0895840739424102e-05, 'epoch': 11.73}
{'loss': 4.3183, 'learning_rate': 1.0303353477900226e-05, 'epoch': 11.91}
{'eval_f1': 0.8903981888398215, 'eval_precision': 0.884157630256312, 'eval_recall': 0.8967274678109183, 'eval_loss': 18.39651107788086, 'epoch': 12.0}
{'loss': 3.6884, 'learning_rate': 9.710866216376348e-06, 'epoch': 12.09}
{'loss': 3.4338, 'learning_rate': 9.118378954852471e-06, 'epoch': 12.26}
{'loss': 2.6192, 'learning_rate': 8.525891693328595e-06, 'epoch': 12.44}
{'loss': 4.362, 'learning_rate': 7.933404431804717e-06, 'epoch': 12.62}
{'loss': 5.3915, 'learning_rate': 7.340917170280839e-06, 'epoch': 12.8}
{'loss': 3.118, 'learning_rate': 6.748429908756962e-06, 'epoch': 12.98}
{'eval_f1': 0.8955024689708007, 'eval_precision': 0.8911022576358855, 'eval_recall': 0.8999463519310891, 'eval_loss': 19.793912887573242, 'epoch': 13.0}
{'loss': 3.1603, 'learning_rate': 6.155942647233085e-06, 'epoch': 13.15}
{'loss': 3.4818, 'learning_rate': 5.5634553857092076e-06, 'epoch': 13.33}
{'loss': 3.8616, 'learning_rate': 4.97096812418533e-06, 'epoch': 13.51}
{'loss': 3.1936, 'learning_rate': 4.378480862661453e-06, 'epoch': 13.69}
{'loss': 3.526, 'learning_rate': 3.785993601137576e-06, 'epoch': 13.86}
{'eval_f1': 0.8992642140465822, 'eval_precision': 0.8969842540696832, 'eval_recall': 0.9015557939911745, 'eval_loss': 21.13380241394043, 'epoch': 14.0}
{'loss': 2.8203, 'learning_rate': 3.1935063396136985e-06, 'epoch': 14.04}
{'loss': 4.3006, 'learning_rate': 2.601019078089821e-06, 'epoch': 14.22}
{'loss': 2.5334, 'learning_rate': 2.008531816565944e-06, 'epoch': 14.4}
{'loss': 2.9822, 'learning_rate': 1.4160445550420666e-06, 'epoch': 14.58}
{'loss': 2.4408, 'learning_rate': 8.235572935181894e-07, 'epoch': 14.75}
{'loss': 3.2937, 'learning_rate': 2.3107003199431212e-07, 'epoch': 14.93}
{'eval_f1': 0.8949125383893991, 'eval_precision': 0.8909864397764182, 'eval_recall': 0.8988733905576988, 'eval_loss': 21.61349105834961, 'epoch': 15.0}
{'train_runtime': 23909.8332, 'train_samples_per_second': 28.231, 'train_steps_per_second': 1.765, 'train_loss': 3.0031038564787558, 'epoch': 15.0}
***** train metrics *****
  epoch                    =       15.0
  train_loss               =     3.0031
  train_runtime            = 6:38:29.83
  train_samples_per_second =     28.231
  train_steps_per_second   =      1.765
*** Evaluation ***
***** eval metrics *****
  epoch          =    15.0
  eval_f1        =  0.9032
  eval_loss      = 17.4469
  eval_precision =  0.9063
  eval_recall    =
  0.9002
