***** Train *****
{'loss': 44.7645, 'learning_rate': 4.8389694041867956e-05, 'epoch': 0.48}
{'loss': 4.8641, 'learning_rate': 4.677938808373592e-05, 'epoch': 0.97}
{'eval_f1': 0.8708724832212427, 'eval_precision': 0.8494370253990968, 'eval_recall': 0.8934177912418361, 'eval_loss': 3.678208112716675, 'epoch': 1.0}
{'loss': 3.0376, 'learning_rate': 4.5169082125603865e-05, 'epoch': 1.45}
{'loss': 2.7336, 'learning_rate': 4.355877616747182e-05, 'epoch': 1.93}
{'eval_f1': 0.8872934164180745, 'eval_precision': 0.8731005065313588, 'eval_recall': 0.9019553841914343, 'eval_loss': 3.429689884185791, 'epoch': 2.0}
{'loss': 2.1421, 'learning_rate': 4.194847020933977e-05, 'epoch': 2.42}
{'loss': 2.038, 'learning_rate': 4.0338164251207733e-05, 'epoch': 2.9}
{'eval_f1': 0.899107755662073, 'eval_precision': 0.89627805145022, 'eval_recall': 0.9019553841914343, 'eval_loss': 3.270231246948242, 'epoch': 3.0}
{'loss': 1.6014, 'learning_rate': 3.872785829307569e-05, 'epoch': 3.38}
{'loss': 1.6621, 'learning_rate': 3.711755233494364e-05, 'epoch': 3.86}
{'eval_f1': 0.8957255649330532, 'eval_precision': 0.8855989232837455, 'eval_recall': 0.9060864775541432, 'eval_loss': 3.7940948009490967, 'epoch': 4.0}
{'loss': 1.1953, 'learning_rate': 3.5507246376811596e-05, 'epoch': 4.35}
{'loss': 1.2559, 'learning_rate': 3.389694041867955e-05, 'epoch': 4.83}
{'eval_f1': 0.8945159106294125, 'eval_precision': 0.8798614810866063, 'eval_recall': 0.9096667584684909, 'eval_loss': 3.8316280841827393, 'epoch': 5.0}
{'loss': 1.1514, 'learning_rate': 3.2286634460547504e-05, 'epoch': 5.31}
{'loss': 0.9721, 'learning_rate': 3.067632850241546e-05, 'epoch': 5.8}
{'eval_f1': 0.902125355353756, 'eval_precision': 0.8871139510114784, 'eval_recall': 0.917653538969728, 'eval_loss': 4.7216620445251465, 'epoch': 6.0}
{'loss': 1.0417, 'learning_rate': 2.9066022544283415e-05, 'epoch': 6.28}
{'loss': 0.8615, 'learning_rate': 2.745571658615137e-05, 'epoch': 6.76}
{'eval_f1': 0.9004907306431569, 'eval_precision': 0.8914979757082614, 'eval_recall': 0.9096667584684909, 'eval_loss': 5.307342052459717, 'epoch': 7.0}
{'loss': 0.773, 'learning_rate': 2.5845410628019323e-05, 'epoch': 7.25}
{'loss': 0.6703, 'learning_rate': 2.423510466988728e-05, 'epoch': 7.73}
{'eval_f1': 0.9072586136454018, 'eval_precision': 0.8973599137928617, 'eval_recall': 0.9173781327455474, 'eval_loss': 4.986713409423828, 'epoch': 8.0}
{'loss': 0.799, 'learning_rate': 2.2624798711755235e-05, 'epoch': 8.21}
{'loss': 0.8125, 'learning_rate': 2.101449275362319e-05, 'epoch': 8.7}
{'eval_f1': 0.9123045547244291, 'eval_precision': 0.9009129967774165, 'eval_recall': 0.9239878821258816, 'eval_loss': 6.144032955169678, 'epoch': 9.0}
{'loss': 0.7388, 'learning_rate': 1.9404186795491143e-05, 'epoch': 9.18}
{'loss': 0.7974, 'learning_rate': 1.77938808373591e-05, 'epoch': 9.66}
{'eval_f1': 0.9093384154639507, 'eval_precision': 0.899057873485626, 'eval_recall': 0.9198567887631727, 'eval_loss': 8.185873985290527, 'epoch': 10.0}
{'loss': 0.6115, 'learning_rate': 1.6183574879227054e-05, 'epoch': 10.14}
{'loss': 0.743, 'learning_rate': 1.457326892109501e-05, 'epoch': 10.63}
{'eval_f1': 0.9084449303085793, 'eval_precision': 0.9015459723349873, 'eval_recall': 0.9154502891762832, 'eval_loss': 10.352334976196289, 'epoch': 11.0}
{'loss': 0.6025, 'learning_rate': 1.2962962962962962e-05, 'epoch': 11.11}
{'loss': 0.6214, 'learning_rate': 1.1352657004830918e-05, 'epoch': 11.59}
{'eval_f1': 0.9112136844960871, 'eval_precision': 0.8985274431055158, 'eval_recall': 0.9242632883500622, 'eval_loss': 9.926901817321777, 'epoch': 12.0}
{'loss': 0.7516, 'learning_rate': 9.742351046698874e-06, 'epoch': 12.08}
{'loss': 0.5446, 'learning_rate': 8.132045088566828e-06, 'epoch': 12.56}
{'eval_f1': 0.910303525248153, 'eval_precision': 0.8998923573732778, 'eval_recall': 0.9209584136598951, 'eval_loss': 11.481645584106445, 'epoch': 13.0}
{'loss': 0.3887, 'learning_rate': 6.521739130434783e-06, 'epoch': 13.04}
{'loss': 0.459, 'learning_rate': 4.911433172302738e-06, 'epoch': 13.53}
{'eval_f1': 0.9152819395257654, 'eval_precision': 0.9054163298299904, 'eval_recall': 0.9253649132467845, 'eval_loss': 11.550040245056152, 'epoch': 14.0}
{'loss': 0.5407, 'learning_rate': 3.3011272141706927e-06, 'epoch': 14.01}
{'loss': 0.5417, 'learning_rate': 1.6908212560386474e-06, 'epoch': 14.49}
{'loss': 0.4533, 'learning_rate': 8.051529790660226e-08, 'epoch': 14.98}
{'eval_f1': 0.9121327529921349, 'eval_precision': 0.9011018543399889, 'eval_recall': 0.9234370696775204, 'eval_loss': 12.271658897399902, 'epoch': 15.0}
{'train_runtime': 9213.8581, 'train_samples_per_second': 26.953, 'train_steps_per_second': 1.685, 'train_loss': 2.582256447458805, 'epoch': 15.0}
***** train metrics *****
  epoch                    =       15.0
  train_loss               =     2.5823
  train_runtime            = 2:33:33.85
  train_samples_per_second =     26.953
  train_steps_per_second   =      1.685
*** Evaluation ***
***** eval metrics *****
  epoch          =   15.0
  eval_f1        = 0.9153
  eval_loss      =  11.55
  eval_precision = 0.9054
  eval_recall    = 0.9254
