
#### 测试集用真实数据，跑每个实体类型
***** Train *****
{'loss': 33.0087, 'learning_rate': 4.939613526570048e-05, 'epoch': 0.48}
{'loss': 4.2776, 'learning_rate': 4.879227053140097e-05, 'epoch': 0.97}
################## 犯罪嫌疑人 f1:0.9570692615902037  precision:0.9587155963291758 recall:0.9554285714274795
################## 组织机构 f1:0.90076335877175  precision:0.9076923076853255 recall:0.8939393939326218
################## 被盗物品 f1:0.7556786703592735  precision:0.7016460905342575 recall:0.8187274909954158
################## 物品价值 f1:0.965630114563124  precision:0.9703947368389132 recall:0.9609120521141339
################## 受害人 f1:0.9482758620666298  precision:0.9299516908190099 recall:0.967336683414655
################## 被盗货币 f1:0.8099173553652074  precision:0.7656249999940187 recall:0.8596491227994767
################## 地点 f1:0.8531468531451486  precision:0.8591549295757361 recall:0.8472222222205412
################## 时间 f1:0.9371859296458865  precision:0.9371859296458865 recall:0.9371859296458865
################## 作案工具 f1:0.7708333333253038  precision:0.8604651162690643 recall:0.6981132075405838
################## 盗窃获利 f1:0.9142857142682993  precision:0.8727272727114049 recall:0.9599999999807999
{'eval_f1': 0.881024692988015, 'eval_precision': 0.8651452282155433, 'eval_recall': 0.8974979822435035, 'eval_loss': 3.2080068588256836, 'epoch': 1.0}
{'loss': 2.7535, 'learning_rate': 4.818840579710145e-05, 'epoch': 1.45}
{'loss': 2.487, 'learning_rate': 4.7584541062801933e-05, 'epoch': 1.93}
################## 犯罪嫌疑人 f1:0.9526011560682629  precision:0.9637426900573524 recall:0.9417142857132095
################## 组织机构 f1:0.9189189189118231  precision:0.93700787400837 recall:0.901515151508322
################## 被盗物品 f1:0.8233173076913182  precision:0.8243080625742186 recall:0.8223289315716419
################## 物品价值 f1:0.9722675367015587  precision:0.9738562091471443 recall:0.9706840390847861
################## 受害人 f1:0.941888619852441  precision:0.9088785046707737 recall:0.9773869346709111
################## 被盗货币 f1:0.7999999999930435  precision:0.7931034482690249 recall:0.80701754385257
################## 地点 f1:0.8624754420415276  precision:0.8540856031111789 recall:0.8710317460300178
################## 时间 f1:0.9323308270653325  precision:0.929999999997675 recall:0.9346733668318224
################## 作案工具 f1:0.8095238095160997  precision:0.8173076922998336 recall:0.8018867924452652
################## 盗窃获利 f1:0.9230769230591716  precision:0.8888888888724279 recall:0.9599999999807999
{'eval_f1': 0.8993558776165058, 'eval_precision': 0.8971887550198401, 'eval_recall': 0.9015334947535912, 'eval_loss': 2.8445606231689453, 'epoch': 2.0}
{'loss': 1.9929, 'learning_rate': 4.698067632850241e-05, 'epoch': 2.42}
{'loss': 1.8861, 'learning_rate': 4.63768115942029e-05, 'epoch': 2.9}
################## 犯罪嫌疑人 f1:0.9655963302741221  precision:0.9689298043717274 recall:0.9622857142846145
################## 组织机构 f1:0.9207547169741831  precision:0.9172932330758099 recall:0.9242424242354225
################## 被盗物品 f1:0.8383594692390369  precision:0.8424242424232213 recall:0.8343337334923958
################## 物品价值 f1:0.9756097560943883  precision:0.9740259740228117 recall:0.9771986970652209
################## 受害人 f1:0.966376089661354  precision:0.9580246913556593 recall:0.9748743718568471
################## 被盗货币 f1:0.830357142849729  precision:0.8454545454468595 recall:0.8157894736770545
################## 地点 f1:0.8577075098797279  precision:0.8543307086597356 recall:0.8611111111094025
################## 时间 f1:0.9420654911815062  precision:0.9444444444420595 recall:0.9396984924599505
################## 作案工具 f1:0.8675799086678759  precision:0.84070796459433 recall:0.8962264150858846
################## 盗窃获利 f1:0.9142857142682993  precision:0.8727272727114049 recall:0.9599999999807999
{'eval_f1': 0.9116816776445996, 'eval_precision': 0.9110693175709536, 'eval_recall': 0.9122948614471584, 'eval_loss': 2.7058804035186768, 'epoch': 3.0}
{'loss': 1.5504, 'learning_rate': 4.577294685990338e-05, 'epoch': 3.38}
{'loss': 1.7698, 'learning_rate': 4.5169082125603865e-05, 'epoch': 3.86}
################## 犯罪嫌疑人 f1:0.9634285714274704  precision:0.9634285714274704 recall:0.9634285714274704
################## 组织机构 f1:0.901515151508322  precision:0.901515151508322 recall:0.901515151508322
################## 被盗物品 f1:0.825225225224234  precision:0.8257211538451614 recall:0.8247298919557926
################## 物品价值 f1:0.9721767594076197  precision:0.9769736842073127 recall:0.9674267100945687
################## 受害人 f1:0.9628712871263295  precision:0.948780487802564 recall:0.9773869346709111
################## 被盗货币 f1:0.8421052631505078  precision:0.8421052631505078 recall:0.8421052631505078
################## 地点 f1:0.8616600790496806  precision:0.8582677165337436 recall:0.8650793650776487
################## 时间 f1:0.943396226412721  precision:0.9445843828691572 recall:0.9422110552740146
################## 作案工具 f1:0.8127853881204311  precision:0.7876106194620566 recall:0.839622641501513
################## 盗窃获利 f1:0.9056603773414026  precision:0.857142857127551 recall:0.9599999999807999
{'eval_f1': 0.9061410565832915, 'eval_precision': 0.903234429296738, 'eval_recall': 0.9090664514390883, 'eval_loss': 2.8802309036254883, 'epoch': 4.0}
{'loss': 1.2735, 'learning_rate': 4.456521739130435e-05, 'epoch': 4.35}
{'loss': 1.2897, 'learning_rate': 4.396135265700484e-05, 'epoch': 4.83}
################## 犯罪嫌疑人 f1:0.9636468551633426  precision:0.973193473192339 recall:0.9542857142846237
################## 组织机构 f1:0.8939393939326218  precision:0.8939393939326218 recall:0.8939393939326218
################## 被盗物品 f1:0.8281887012220988  precision:0.8042986425330269 recall:0.853541416565602
################## 物品价值 f1:0.9804560260554382  precision:0.9804560260554382 recall:0.9804560260554382
################## 受害人 f1:0.9628712871263295  precision:0.948780487802564 recall:0.9773869346709111
################## 被盗货币 f1:0.8497854077180276  precision:0.8319327731022527 recall:0.8684210526239612
################## 地点 f1:0.8511904761887873  precision:0.8511904761887873 recall:0.8511904761887873
################## 时间 f1:0.9408805031422871  precision:0.9420654911815062 recall:0.9396984924599505
################## 作案工具 f1:0.8235294117566321  precision:0.8571428571341108 recall:0.7924528301812033
################## 盗窃获利 f1:0.9142857142682993  precision:0.8727272727114049 recall:0.9599999999807999
{'eval_f1': 0.9057612618631451, 'eval_precision': 0.9001062699253719, 'eval_recall': 0.9114877589451409, 'eval_loss': 3.132040023803711, 'epoch': 5.0}
{'loss': 1.2257, 'learning_rate': 4.3357487922705316e-05, 'epoch': 5.31}
{'loss': 0.906, 'learning_rate': 4.27536231884058e-05, 'epoch': 5.8}
################## 犯罪嫌疑人 f1:0.9670828603848274  precision:0.9605411499425474 recall:0.9737142857131729
################## 组织机构 f1:0.9283018867854469  precision:0.9248120300682345 recall:0.9318181818111226
################## 被盗物品 f1:0.8551153163798284  precision:0.8426573426563605 recall:0.8679471788705067
################## 物品价值 f1:0.9852700490966113  precision:0.9901315789441114 recall:0.9804560260554382
################## 受害人 f1:0.956843403203559  precision:0.9394673123463936 recall:0.9748743718568471
################## 被盗货币 f1:0.8813559321959207  precision:0.8524590163864553 recall:0.9122807017463834
################## 地点 f1:0.862783810462265  precision:0.8585461689570559 recall:0.8670634920617717
################## 时间 f1:0.9422110552740146  precision:0.9422110552740146 recall:0.9422110552740146
################## 作案工具 f1:0.8235294117566321  precision:0.8571428571341108 recall:0.7924528301812033
################## 盗窃获利 f1:0.9245283018693484  precision:0.8749999999843749 recall:0.9799999999803999
{'eval_f1': 0.9168779186121636, 'eval_precision': 0.9094759131813368, 'eval_recall': 0.9244013989774215, 'eval_loss': 4.124261379241943, 'epoch': 6.0}
{'loss': 1.1063, 'learning_rate': 4.214975845410628e-05, 'epoch': 6.28}
{'loss': 1.0178, 'learning_rate': 4.154589371980677e-05, 'epoch': 6.76}
################## 犯罪嫌疑人 f1:0.9644495412832976  precision:0.9677790563855376 recall:0.9611428571417587
################## 组织机构 f1:0.9076923076853255  precision:0.921874999992798 recall:0.8939393939326218
################## 被盗物品 f1:0.8562909958248583  precision:0.8507109004729257 recall:0.8619447779101297
################## 物品价值 f1:0.9836065573738243  precision:0.9900990098977225 recall:0.9771986970652209
################## 受害人 f1:0.962406015035182  precision:0.9599999999976 recall:0.964824120600591
################## 被盗货币 f1:0.9017857142776626  precision:0.918181818173471 recall:0.8859649122729301
################## 地点 f1:0.867810292631952  precision:0.8829568788482897 recall:0.8531746031729104
################## 时间 f1:0.9408805031422871  precision:0.9420654911815062 recall:0.9396984924599505
################## 作案工具 f1:0.8599033816342038  precision:0.8811881188031565 recall:0.839622641501513
################## 盗窃获利 f1:0.895238095221043  precision:0.8545454545299173 recall:0.9399999999812
{'eval_f1': 0.9180947240585837, 'eval_precision': 0.9209528965888141, 'eval_recall': 0.9152542372878893, 'eval_loss': 4.447005748748779, 'epoch': 7.0}
{'loss': 0.8613, 'learning_rate': 4.094202898550725e-05, 'epoch': 7.25}
{'loss': 0.8133, 'learning_rate': 4.0338164251207733e-05, 'epoch': 7.73}
################## 犯罪嫌疑人 f1:0.963553530750611  precision:0.960272417706061 recall:0.9668571428560379
################## 组织机构 f1:0.9195402298780112  precision:0.9302325581323239 recall:0.9090909090840221
################## 被盗物品 f1:0.8590203106321875  precision:0.8549346016636683 recall:0.8631452581022051
################## 物品价值 f1:0.9770491803246655  precision:0.9834983498317377 recall:0.9706840390847861
################## 受害人 f1:0.946047678793109  precision:0.9448621553861031 recall:0.9472361809021427
################## 被盗货币 f1:0.8977777777697975  precision:0.9099099099017125 recall:0.8859649122729301
################## 地点 f1:0.8528528528511454  precision:0.860606060604322 recall:0.8452380952364182
################## 时间 f1:0.9396984924599505  precision:0.9396984924599505 recall:0.9396984924599505
################## 作案工具 f1:0.8465116278991022  precision:0.8348623853134416 recall:0.8584905660296368
################## 盗窃获利 f1:0.9504950494861287  precision:0.9411764705697808 recall:0.9599999999807999
{'eval_f1': 0.914716168953211, 'eval_precision': 0.914716168953211, 'eval_recall': 0.914716168953211, 'eval_loss': 5.615653991699219, 'epoch': 8.0}
{'loss': 1.0855, 'learning_rate': 3.973429951690821e-05, 'epoch': 8.21}
{'loss': 1.38, 'learning_rate': 3.91304347826087e-05, 'epoch': 8.7}
################## 犯罪嫌疑人 f1:0.9653179190740285  precision:0.9766081871333607 recall:0.9542857142846237
################## 组织机构 f1:0.9069767441790157  precision:0.9285714285640589 recall:0.8863636363569216
################## 被盗物品 f1:0.8676996424304319  precision:0.861538461537442 recall:0.8739495798308836
################## 物品价值 f1:0.9852216748736118  precision:0.9933774834404193 recall:0.9771986970652209
################## 受害人 f1:0.9559748427648906  precision:0.9571788413074127 recall:0.9547738693443347
################## 被盗货币 f1:0.8534482758547116  precision:0.8389830508403475 recall:0.8684210526239612
################## 地点 f1:0.8560311284030039  precision:0.8396946564869472 recall:0.8730158730141409
################## 时间 f1:0.9457755359370851  precision:0.9493670886051915 recall:0.9422110552740146
################## 作案工具 f1:0.8317757009268059  precision:0.8240740740664437 recall:0.839622641501513
################## 盗窃获利 f1:0.9158878504501703  precision:0.859649122791936 recall:0.9799999999803999
{'eval_f1': 0.9167114454591841, 'eval_precision': 0.9154816206061402, 'eval_recall': 0.9179445789612811, 'eval_loss': 8.478861808776855, 'epoch': 9.0}
{'loss': 1.0385, 'learning_rate': 3.852657004830918e-05, 'epoch': 9.18}
{'loss': 1.4561, 'learning_rate': 3.7922705314009665e-05, 'epoch': 9.66}
################## 犯罪嫌疑人 f1:0.9642654566069606  precision:0.9572072072061293 recall:0.9714285714274612
################## 组织机构 f1:0.8981132075403917  precision:0.8947368420985359 recall:0.901515151508322
################## 被盗物品 f1:0.8616314199385358  precision:0.8673965936729108 recall:0.8559423769497527
################## 物品价值 f1:0.9640522875785489  precision:0.9672131147509272 recall:0.9609120521141339
################## 受害人 f1:0.9574999999976063  precision:0.9527363184055903 recall:0.9623115577865269
################## 被盗货币 f1:0.8965517241302021  precision:0.8813559321959207 recall:0.9122807017463834
################## 地点 f1:0.8605108054992917  precision:0.8521400778193539 recall:0.8690476190458948
################## 时间 f1:0.9472361809021427  precision:0.9472361809021427 recall:0.9472361809021427
################## 作案工具 f1:0.8325358851594973  precision:0.8446601941665567 recall:0.8207547169733891
################## 盗窃获利 f1:0.9215686274329103  precision:0.9038461538287721 recall:0.9399999999812
{'eval_f1': 0.9159957058505325, 'eval_precision': 0.9137884872822185, 'eval_recall': 0.9182136131286204, 'eval_loss': 8.90035629272461, 'epoch': 10.0}
{'loss': 1.4106, 'learning_rate': 3.7318840579710144e-05, 'epoch': 10.14}
{'loss': 1.5857, 'learning_rate': 3.671497584541063e-05, 'epoch': 10.63}
################## 犯罪嫌疑人 f1:0.9650829994264853  precision:0.9667431192649464 recall:0.9634285714274704
################## 组织机构 f1:0.911196911189875  precision:0.9291338582604005 recall:0.8939393939326218
################## 被盗物品 f1:0.8576470588225205  precision:0.8408304498260198 recall:0.875150060022959
################## 物品价值 f1:0.9786535303744544  precision:0.9867549668841499 recall:0.9706840390847861
################## 受害人 f1:0.9495472186262626  precision:0.9786666666640569 recall:0.9221105527615022
################## 被盗货币 f1:0.8917748917671707  precision:0.880341880334356 recall:0.903508771921899
################## 地点 f1:0.8481880509287989  precision:0.8375241779480899 recall:0.8591269841252795
################## 时间 f1:0.9510664993702609  precision:0.9498746867144113 recall:0.9522613065302707
################## 作案工具 f1:0.8638497652501047  precision:0.8598130841041138 recall:0.8679245282936988
################## 盗窃获利 f1:0.9199999999816  precision:0.9199999999816 recall:0.9199999999816
{'eval_f1': 0.9148993288588148, 'eval_precision': 0.9129386552368302, 'eval_recall': 0.9168684422919244, 'eval_loss': 12.052125930786133, 'epoch': 11.0}
{'loss': 2.1941, 'learning_rate': 3.611111111111111e-05, 'epoch': 11.11}
{'loss': 2.0892, 'learning_rate': 3.5507246376811596e-05, 'epoch': 11.59}
################## 犯罪嫌疑人 f1:0.9629629629618656  precision:0.9602272727261816 recall:0.9657142857131821
################## 组织机构 f1:0.8540145985339124  precision:0.8239436619660286 recall:0.8863636363569216
################## 被盗物品 f1:0.8706022659500648  precision:0.8649289099515819 recall:0.8763505402150344
################## 物品价值 f1:0.9852700490966113  precision:0.9901315789441114 recall:0.9804560260554382
################## 受害人 f1:0.9623115577865269  precision:0.9623115577865269 recall:0.9623115577865269
################## 被盗货币 f1:0.8917748917671707  precision:0.880341880334356 recall:0.903508771921899
################## 地点 f1:0.861999999998276  precision:0.8689516129014739 recall:0.8551587301570335
################## 时间 f1:0.9473684210502572  precision:0.9449999999976375 recall:0.9497487437162067
################## 作案工具 f1:0.7873303167349562  precision:0.7565217391238563 recall:0.8207547169733891
################## 盗窃获利 f1:0.9433962263972944  precision:0.8928571428411989 recall:0.9999999999799999
{'eval_f1': 0.9171241130001561, 'eval_precision': 0.9128464818760893, 'eval_recall': 0.9214420231366905, 'eval_loss': 13.164982795715332, 'epoch': 12.0}
{'loss': 1.9127, 'learning_rate': 3.490338164251208e-05, 'epoch': 12.08}
{'loss': 2.3306, 'learning_rate': 3.429951690821256e-05, 'epoch': 12.56}
################## 犯罪嫌疑人 f1:0.9614074914858554  precision:0.9549041713630723 recall:0.9679999999988937
################## 组织机构 f1:0.935361216722925  precision:0.9389312977027563 recall:0.9318181818111226
################## 被盗物品 f1:0.8690476190465845  precision:0.8618654073189352 recall:0.8763505402150344
################## 物品价值 f1:0.9852700490966113  precision:0.9901315789441114 recall:0.9804560260554382
################## 受害人 f1:0.9697732997456681  precision:0.9722222222197672 recall:0.967336683414655
################## 被盗货币 f1:0.8771929824484457  precision:0.8771929824484457 recall:0.8771929824484457
################## 地点 f1:0.861966236343869  precision:0.8628230616285033 recall:0.8611111111094025
################## 时间 f1:0.9521410579321105  precision:0.9545454545430441 recall:0.9497487437162067
################## 作案工具 f1:0.8133971291788191  precision:0.8252427184385899 recall:0.8018867924452652
################## 盗窃获利 f1:0.9056603773414026  precision:0.857142857127551 recall:0.9599999999807999
{'eval_f1': 0.9205795546013092, 'eval_precision': 0.9181161359376724, 'eval_recall': 0.9230562281407255, 'eval_loss': 16.87921714782715, 'epoch': 13.0}
{'loss': 1.7149, 'learning_rate': 3.369565217391305e-05, 'epoch': 13.04}
{'loss': 2.356, 'learning_rate': 3.3091787439613533e-05, 'epoch': 13.53}
################## 犯罪嫌疑人 f1:0.9709401709390645  precision:0.968181818180718 recall:0.9737142857131729
################## 组织机构 f1:0.9034749034679269  precision:0.921259842512431 recall:0.8863636363569216
################## 被盗物品 f1:0.8653500897655712  precision:0.8627684964190182 recall:0.8679471788705067
################## 物品价值 f1:0.9787234042521155  precision:0.983552631575712 recall:0.9739413680750035
################## 受害人 f1:0.9659520807037429  precision:0.9696202531621022 recall:0.9623115577865269
################## 被盗货币 f1:0.9026548672486491  precision:0.9107142857061543 recall:0.8947368420974146
################## 地点 f1:0.8534653465329635  precision:0.8517786561247989 recall:0.8551587301570335
################## 时间 f1:0.9469696969673057  precision:0.9517766497437773 recall:0.9422110552740146
################## 作案工具 f1:0.8190476190398186  precision:0.8269230769151257 recall:0.8113207547093272
################## 盗窃获利 f1:0.9215686274329103  precision:0.9038461538287721 recall:0.9399999999812
{'eval_f1': 0.9193700363438095, 'eval_precision': 0.9199892241376832, 'eval_recall': 0.9187516814632987, 'eval_loss': 20.754995346069336, 'epoch': 14.0}
{'loss': 2.1575, 'learning_rate': 3.248792270531401e-05, 'epoch': 14.01}
{'loss': 3.0676, 'learning_rate': 3.188405797101449e-05, 'epoch': 14.49}
{'loss': 1.9867, 'learning_rate': 3.128019323671498e-05, 'epoch': 14.98}
################## 犯罪嫌疑人 f1:0.9693181818170803  precision:0.9638418079085155 recall:0.9748571428560288
################## 组织机构 f1:0.8955223880530185  precision:0.8823529411699828 recall:0.9090909090840221
################## 被盗物品 f1:0.8522050059584598  precision:0.8461538461528448 recall:0.8583433373339036
################## 物品价值 f1:0.9787928221827772  precision:0.9803921568595413 recall:0.9771986970652209
################## 受害人 f1:0.9528662420357888  precision:0.966408268731353 recall:0.9396984924599505
################## 被盗货币 f1:0.8977777777697975  precision:0.9099099099017125 recall:0.8859649122729301
################## 地点 f1:0.8523290386504414  precision:0.8514851485131654 recall:0.8531746031729104
################## 时间 f1:0.943396226412721  precision:0.9445843828691572 recall:0.9422110552740146
################## 作案工具 f1:0.8190476190398186  precision:0.8269230769151257 recall:0.8113207547093272
################## 盗窃获利 f1:0.9411764705697808  precision:0.9230769230591716 recall:0.9599999999807999
{'eval_f1': 0.9139019476156041, 'eval_precision': 0.9125536480684248, 'eval_recall': 0.9152542372878893, 'eval_loss': 20.27411651611328, 'epoch': 15.0}
{'loss': 2.25, 'learning_rate': 3.067632850241546e-05, 'epoch': 15.46}
{'loss': 2.9199, 'learning_rate': 3.0072463768115944e-05, 'epoch': 15.94}
################## 犯罪嫌疑人 f1:0.9624999999989062  precision:0.957062146891574 recall:0.9679999999988937
################## 组织机构 f1:0.9090909090840221  precision:0.9090909090840221 recall:0.9090909090840221
################## 被盗物品 f1:0.860879904874125  precision:0.8527679623075939 recall:0.8691476590625821
################## 物品价值 f1:0.9756097560943883  precision:0.9740259740228117 recall:0.9771986970652209
################## 受害人 f1:0.9547738693443347  precision:0.9547738693443347 recall:0.9547738693443347
################## 被盗货币 f1:0.8711111111033679  precision:0.882882882874929 recall:0.8596491227994767
################## 地点 f1:0.8637274549080888  precision:0.8724696356257643 recall:0.8551587301570335
################## 时间 f1:0.9436795994970121  precision:0.9401496259328176 recall:0.9472361809021427
################## 作案工具 f1:0.8504672897116778  precision:0.8425925925847908 recall:0.8584905660296368
################## 盗窃获利 f1:0.9056603773414026  precision:0.857142857127551 recall:0.9599999999807999
{'eval_f1': 0.915940474594204, 'eval_precision': 0.9128808123995422, 'eval_recall': 0.9190207156306379, 'eval_loss': 25.751354217529297, 'epoch': 16.0}
{'loss': 2.1486, 'learning_rate': 2.9468599033816423e-05, 'epoch': 16.43}
{'loss': 3.9543, 'learning_rate': 2.886473429951691e-05, 'epoch': 16.91}
################## 犯罪嫌疑人 f1:0.9637599093986821  precision:0.9551066217722165 recall:0.9725714285703171
################## 组织机构 f1:0.904942965772586  precision:0.9083969465579512 recall:0.901515151508322
################## 被盗物品 f1:0.8702380952370593  precision:0.8630460448632078 recall:0.8775510204071097
################## 物品价值 f1:0.9705882352909458  precision:0.973770491800086 recall:0.9674267100945687
################## 受害人 f1:0.940430925219416  precision:0.9488491048569083 recall:0.9321608040177584
################## 被盗货币 f1:0.8938053097266034  precision:0.9017857142776626 recall:0.8859649122729301
################## 地点 f1:0.8557312252947515  precision:0.8523622047227316 recall:0.8591269841252795
################## 时间 f1:0.9510664993702609  precision:0.9498746867144113 recall:0.9522613065302707
################## 作案工具 f1:0.8416289592684015  precision:0.8086956521668809 recall:0.8773584905577607
################## 盗窃获利 f1:0.9215686274329103  precision:0.9038461538287721 recall:0.9399999999812
{'eval_f1': 0.9164434922332843, 'eval_precision': 0.9122900559848275, 'eval_recall': 0.920634920634673, 'eval_loss': 25.314388275146484, 'epoch': 17.0}
{'loss': 2.2319, 'learning_rate': 2.826086956521739e-05, 'epoch': 17.39}
{'loss': 4.4391, 'learning_rate': 2.7657004830917875e-05, 'epoch': 17.87}
################## 犯罪嫌疑人 f1:0.9609949123787892  precision:0.9507829977618 recall:0.9714285714274612
################## 组织机构 f1:0.9063670411917126  precision:0.8962962962896571 recall:0.9166666666597223
################## 被盗物品 f1:0.8607292289290368  precision:0.8571428571418368 recall:0.8643457382942805
################## 物品价值 f1:0.9803278688492448  precision:0.98679867986473 recall:0.9739413680750035
################## 受害人 f1:0.9536921151415427  precision:0.9501246882769324 recall:0.9572864321583988
################## 被盗货币 f1:0.8744588744513033  precision:0.8632478632404851 recall:0.8859649122729301
################## 地点 f1:0.8652343749983101  precision:0.8519230769214386 recall:0.87896825396651
################## 时间 f1:0.95118898623041  precision:0.9476309226909037 recall:0.9547738693443347
################## 作案工具 f1:0.8416289592684015  precision:0.8086956521668809 recall:0.8773584905577607
################## 盗窃获利 f1:0.9126213592055801  precision:0.8867924528134566 recall:0.9399999999812
{'eval_f1': 0.9164887940232347, 'eval_precision': 0.9089706271497991, 'eval_recall': 0.9241323648100823, 'eval_loss': 28.384946823120117, 'epoch': 18.0}
{'loss': 2.2428, 'learning_rate': 2.7053140096618358e-05, 'epoch': 18.36}
{'loss': 3.728, 'learning_rate': 2.6449275362318844e-05, 'epoch': 18.84}
################## 犯罪嫌疑人 f1:0.9669327251984413  precision:0.9647326507383791 recall:0.9691428571417495
################## 组织机构 f1:0.8787878787812213  precision:0.8787878787812213 recall:0.8787878787812213
################## 被盗物品 f1:0.8529238038973976  precision:0.839534883719954 recall:0.8667466986784312
################## 物品价值 f1:0.9770491803246655  precision:0.9834983498317377 recall:0.9706840390847861
################## 受害人 f1:0.9578163771688392  precision:0.9460784313702302 recall:0.969849246228719
################## 被盗货币 f1:0.9082969432235083  precision:0.9043478260790926 recall:0.9122807017463834
################## 地点 f1:0.8642714570841032  precision:0.8694779116448405 recall:0.8591269841252795
################## 时间 f1:0.945137157104875  precision:0.938118811878866 recall:0.9522613065302707
################## 作案工具 f1:0.8504672897116778  precision:0.8425925925847908 recall:0.8584905660296368
################## 盗窃获利 f1:0.9702970296837564  precision:0.9607843137066512 recall:0.9799999999803999
{'eval_f1': 0.9166555183944036, 'eval_precision': 0.9116551357102417, 'eval_recall': 0.9217110573040297, 'eval_loss': 28.376529693603516, 'epoch': 19.0}
{'loss': 2.359, 'learning_rate': 2.5845410628019323e-05, 'epoch': 19.32}
{'loss': 5.4399, 'learning_rate': 2.524154589371981e-05, 'epoch': 19.81}
################## 犯罪嫌疑人 f1:0.9605488850760886  precision:0.9610983981682367 recall:0.9599999999989028
################## 组织机构 f1:0.8996282527814154  precision:0.8832116788256701 recall:0.9166666666597223
################## 被盗物品 f1:0.8574836016686256  precision:0.8518957345961471 recall:0.8631452581022051
################## 物品价值 f1:0.9868421052599118  precision:0.9966777408604762 recall:0.9771986970652209
################## 受害人 f1:0.9597989949724628  precision:0.9597989949724628 recall:0.9597989949724628
################## 被盗货币 f1:0.8695652173837429  precision:0.8620689655098097 recall:0.8771929824484457
################## 地点 f1:0.8651348651331366  precision:0.8712273641833577 recall:0.8591269841252795
################## 时间 f1:0.946047678793109  precision:0.9448621553861031 recall:0.9472361809021427
################## 作案工具 f1:0.8773584905577607  precision:0.8773584905577607 recall:0.8773584905577607
################## 盗窃获利 f1:0.9607843137066512  precision:0.9423076922895709 recall:0.9799999999803999
{'eval_f1': 0.917618599650338, 'eval_precision': 0.9167561761544262, 'eval_recall': 0.9184826472959595, 'eval_loss': 30.458484649658203, 'epoch': 20.0}
{'loss': 3.2041, 'learning_rate': 2.4637681159420292e-05, 'epoch': 20.29}
{'loss': 4.9196, 'learning_rate': 2.4033816425120775e-05, 'epoch': 20.77}
################## 犯罪嫌疑人 f1:0.962371721777694  precision:0.9601820250273491 recall:0.9645714285703262
################## 组织机构 f1:0.8981132075403917  precision:0.8947368420985359 recall:0.901515151508322
################## 被盗物品 f1:0.8500590318762101  precision:0.8362369337969382 recall:0.8643457382942805
################## 物品价值 f1:0.9819967266743633  precision:0.9868421052599118 recall:0.9771986970652209
################## 受害人 f1:0.9596977329950638  precision:0.9621212121187825 recall:0.9572864321583988
################## 被盗货币 f1:0.8558951964990751  precision:0.852173913036068 recall:0.8596491227994767
################## 地点 f1:0.8619329388543158  precision:0.8568627450963591 recall:0.8670634920617717
################## 时间 f1:0.9484276729535889  precision:0.9496221662444594 recall:0.9472361809021427
################## 作案工具 f1:0.8598130841041138  precision:0.8518518518439643 recall:0.8679245282936988
################## 盗窃获利 f1:0.9320388349333584  precision:0.9056603773414026 recall:0.9599999999807999
{'eval_f1': 0.9142245416831489, 'eval_precision': 0.9094781682638686, 'eval_recall': 0.9190207156306379, 'eval_loss': 29.82622528076172, 'epoch': 21.0}
{'loss': 3.6244, 'learning_rate': 2.3429951690821258e-05, 'epoch': 21.26}
{'loss': 3.8981, 'learning_rate': 2.282608695652174e-05, 'epoch': 21.74}
################## 犯罪嫌疑人 f1:0.9654390934833252  precision:0.9573033707854413 recall:0.9737142857131729
################## 组织机构 f1:0.8759124087527307  precision:0.8450704225292601 recall:0.9090909090840221
################## 被盗物品 f1:0.8659184878902942  precision:0.8523255813943578 recall:0.8799519807912606
################## 物品价值 f1:0.9852700490966113  precision:0.9901315789441114 recall:0.9804560260554382
################## 受害人 f1:0.9543147208097607  precision:0.9641025641000921 recall:0.9447236180880786
################## 被盗货币 f1:0.8722466960275572  precision:0.8761061946825123 recall:0.8684210526239612
################## 地点 f1:0.8585271317812819  precision:0.8390151515135625 recall:0.87896825396651
################## 时间 f1:0.9473684210502572  precision:0.9449999999976375 recall:0.9497487437162067
################## 作案工具 f1:0.8675799086678759  precision:0.84070796459433 recall:0.8962264150858846
################## 盗窃获利 f1:0.9423076922895709  precision:0.9074074073906035 recall:0.9799999999803999
{'eval_f1': 0.9175875382769492, 'eval_precision': 0.9082762256191597, 'eval_recall': 0.9270917406508132, 'eval_loss': 31.02288055419922, 'epoch': 22.0}
{'loss': 2.8054, 'learning_rate': 2.2222222222222223e-05, 'epoch': 22.22}
{'loss': 4.29, 'learning_rate': 2.1618357487922706e-05, 'epoch': 22.71}
################## 犯罪嫌疑人 f1:0.9608621667601125  precision:0.9538288288277547 recall:0.9679999999988937
################## 组织机构 f1:0.904942965772586  precision:0.9083969465579512 recall:0.901515151508322
################## 被盗物品 f1:0.8598917618750933  precision:0.8614457831314922 recall:0.8583433373339036
################## 物品价值 f1:0.9819967266743633  precision:0.9868421052599118 recall:0.9771986970652209
################## 受害人 f1:0.9633375474059082  precision:0.969465648852495 recall:0.9572864321583988
################## 被盗货币 f1:0.852173913036068  precision:0.8448275861996135 recall:0.8596491227994767
################## 地点 f1:0.8678500986176176  precision:0.8627450980375241 recall:0.8730158730141409
################## 时间 f1:0.9473684210502572  precision:0.9449999999976375 recall:0.9497487437162067
################## 作案工具 f1:0.8720379146836773  precision:0.8761904761821315 recall:0.8679245282936988
################## 盗窃获利 f1:0.9599999999807999  precision:0.9599999999807999 recall:0.9599999999807999
{'eval_f1': 0.9183234819986786, 'eval_precision': 0.9170914944993515, 'eval_recall': 0.9195587839653162, 'eval_loss': 37.42565155029297, 'epoch': 23.0}
{'loss': 3.1786, 'learning_rate': 2.101449275362319e-05, 'epoch': 23.19}
{'loss': 3.5307, 'learning_rate': 2.041062801932367e-05, 'epoch': 23.67}
################## 犯罪嫌疑人 f1:0.959544159543066  precision:0.9568181818170945 recall:0.9622857142846145
################## 组织机构 f1:0.9260700389032992  precision:0.9519999999923839 recall:0.901515151508322
################## 被盗物品 f1:0.8683274021342012  precision:0.858147713949756 recall:0.8787515005991852
################## 物品价值 f1:0.9787928221827772  precision:0.9803921568595413 recall:0.9771986970652209
################## 受害人 f1:0.9567430025420949  precision:0.969072164945956 recall:0.9447236180880786
################## 被盗货币 f1:0.8956521739052552  precision:0.887931034475104 recall:0.903508771921899
################## 地点 f1:0.8753680078491161  precision:0.8660194174740465 recall:0.8849206349188792
################## 时间 f1:0.9345088161185529  precision:0.9368686868663211 recall:0.9321608040177584
################## 作案工具 f1:0.871559633019527  precision:0.8482142857067123 recall:0.8962264150858846
################## 盗窃获利 f1:0.9038461538287721  precision:0.8703703703542524 recall:0.9399999999812
{'eval_f1': 0.9195926025191853, 'eval_precision': 0.9161548731639744, 'eval_recall': 0.9230562281407255, 'eval_loss': 38.55134582519531, 'epoch': 24.0}
{'loss': 2.7963, 'learning_rate': 1.9806763285024154e-05, 'epoch': 24.15}
{'loss': 4.099, 'learning_rate': 1.9202898550724637e-05, 'epoch': 24.64}
################## 犯罪嫌疑人 f1:0.9610983981682367  precision:0.9621993127136744 recall:0.9599999999989028
################## 组织机构 f1:0.9118773946290278  precision:0.9224806201478878 recall:0.901515151508322
################## 被盗物品 f1:0.8586762075123928  precision:0.8530805687193684 recall:0.8643457382942805
################## 物品价值 f1:0.9803921568595413  precision:0.9836065573738243 recall:0.9771986970652209
################## 受害人 f1:0.9556400506946625  precision:0.9641943733990685 recall:0.9472361809021427
################## 被盗货币 f1:0.8908296943153639  precision:0.8869565217314177 recall:0.8947368420974146
################## 地点 f1:0.8743818001960942  precision:0.8717948717931523 recall:0.8769841269823869
################## 时间 f1:0.9414694894123501  precision:0.9333333333310289 recall:0.9497487437162067
################## 作案工具 f1:0.8623853210930056  precision:0.8392857142782206 recall:0.8867924528218227
################## 盗窃获利 f1:0.9504950494861287  precision:0.9411764705697808 recall:0.9599999999807999
{'eval_f1': 0.9182440596050696, 'eval_precision': 0.916398713826121, 'eval_recall': 0.9200968522999946, 'eval_loss': 41.398719787597656, 'epoch': 25.0}
{'loss': 3.9902, 'learning_rate': 1.859903381642512e-05, 'epoch': 25.12}
{'loss': 4.4764, 'learning_rate': 1.7995169082125603e-05, 'epoch': 25.6}
################## 犯罪嫌疑人 f1:0.9313501144154104  precision:0.9324169530344417 recall:0.9302857142846511
################## 组织机构 f1:0.9348659003759782  precision:0.9457364341011959 recall:0.9242424242354225
################## 被盗物品 f1:0.870083432656889  precision:0.8639053254427647 recall:0.8763505402150344
################## 物品价值 f1:0.978861788614703  precision:0.9772727272695544 recall:0.9804560260554382
################## 受害人 f1:0.9608091023995934  precision:0.9669211195904149 recall:0.9547738693443347
################## 被盗货币 f1:0.8947368420974146  precision:0.8947368420974146 recall:0.8947368420974146
################## 地点 f1:0.868369351668235  precision:0.8599221789866539 recall:0.8769841269823869
################## 时间 f1:0.9510664993702609  precision:0.9498746867144113 recall:0.9522613065302707
################## 作案工具 f1:0.8599033816342038  precision:0.8811881188031565 recall:0.839622641501513
################## 盗窃获利 f1:0.9411764705697808  precision:0.9230769230591716 recall:0.9599999999807999
{'eval_f1': 0.9152451309601303, 'eval_precision': 0.9138948497851626, 'eval_recall': 0.9165994081245853, 'eval_loss': 42.977603912353516, 'epoch': 26.0}
{'loss': 2.582, 'learning_rate': 1.739130434782609e-05, 'epoch': 26.09}
{'loss': 3.0128, 'learning_rate': 1.678743961352657e-05, 'epoch': 26.57}
################## 犯罪嫌疑人 f1:0.9612314709225072  precision:0.9590443685995915 recall:0.9634285714274704
################## 组织机构 f1:0.9147286821634518  precision:0.9365079365005039 recall:0.8939393939326218
################## 被盗物品 f1:0.882915173236699  precision:0.878715814505495 recall:0.887154861943713
################## 物品价值 f1:0.9836601307157397  precision:0.9868852458984037 recall:0.9804560260554382
################## 受害人 f1:0.9554140127364193  precision:0.9689922480595117 recall:0.9422110552740146
################## 被盗货币 f1:0.8956521739052552  precision:0.887931034475104 recall:0.903508771921899
################## 地点 f1:0.8794466403144675  precision:0.8759842519667795 recall:0.8829365079347561
################## 时间 f1:0.9473684210502572  precision:0.9449999999976375 recall:0.9497487437162067
################## 作案工具 f1:0.8749999999915865  precision:0.8921568627363514 recall:0.8584905660296368
################## 盗窃获利 f1:0.9215686274329103  precision:0.9038461538287721 recall:0.9399999999812
{'eval_f1': 0.9256020449345014, 'eval_precision': 0.9257265877284915, 'eval_recall': 0.9254775356467781, 'eval_loss': 38.637943267822266, 'epoch': 27.0}
{'loss': 4.7721, 'learning_rate': 1.6183574879227054e-05, 'epoch': 27.05}
{'loss': 5.712, 'learning_rate': 1.5579710144927537e-05, 'epoch': 27.54}
################## 犯罪嫌疑人 f1:0.960272417706061  precision:0.9537767756471772 recall:0.9668571428560379
################## 组织机构 f1:0.9160305343441525  precision:0.9230769230698226 recall:0.9090909090840221
################## 被盗物品 f1:0.8804283164772393  precision:0.8726415094329332 recall:0.8883553421357883
################## 物品价值 f1:0.9819967266743633  precision:0.9868421052599118 recall:0.9771986970652209
################## 受害人 f1:0.9565217391279884  precision:0.9739583333307971 recall:0.9396984924599505
################## 被盗货币 f1:0.8744588744513033  precision:0.8632478632404851 recall:0.8859649122729301
################## 地点 f1:0.861415752740057  precision:0.8657314629241167 recall:0.8571428571411565
################## 时间 f1:0.9209535759073502  precision:0.9197994987445619 recall:0.9221105527615022
################## 作案工具 f1:0.8732394366115188  precision:0.8691588784965499 recall:0.8773584905577607
################## 盗窃获利 f1:0.9142857142682993  precision:0.8727272727114049 recall:0.9599999999807999
{'eval_f1': 0.9187592319052186, 'eval_precision': 0.9171581769434538, 'eval_recall': 0.9203658864673337, 'eval_loss': 36.60230255126953, 'epoch': 28.0}
{'loss': 3.4592, 'learning_rate': 1.497584541062802e-05, 'epoch': 28.02}
{'loss': 3.1191, 'learning_rate': 1.4371980676328503e-05, 'epoch': 28.5}
{'loss': 5.3521, 'learning_rate': 1.3768115942028985e-05, 'epoch': 28.99}
################## 犯罪嫌疑人 f1:0.9599542334085126  precision:0.9610538373413963 recall:0.9588571428560471
################## 组织机构 f1:0.9201520912477555  precision:0.9236641221303538 recall:0.9166666666597223
################## 被盗物品 f1:0.8676122931431826  precision:0.8544819557615199 recall:0.881152460983336
################## 物品价值 f1:0.9803921568595413  precision:0.9836065573738243 recall:0.9771986970652209
################## 受害人 f1:0.9578544061278216  precision:0.9740259740234442 recall:0.9422110552740146
################## 被盗货币 f1:0.8908296943153639  precision:0.8869565217314177 recall:0.8947368420974146
################## 地点 f1:0.8796920115478736  precision:0.8542056074750389 recall:0.9067460317442326
################## 时间 f1:0.9411764705858794  precision:0.9376558603467889 recall:0.9447236180880786
################## 作案工具 f1:0.8691588784965499  precision:0.8611111111031379 recall:0.8773584905577607
################## 盗窃获利 f1:0.9320388349333584  precision:0.9056603773414026 recall:0.9599999999807999
{'eval_f1': 0.920876770916621, 'eval_precision': 0.9150066401059986, 'eval_recall': 0.9268227064834741, 'eval_loss': 42.514686584472656, 'epoch': 29.0}
{'loss': 5.4079, 'learning_rate': 1.316425120772947e-05, 'epoch': 29.47}
{'loss': 3.8547, 'learning_rate': 1.2560386473429953e-05, 'epoch': 29.95}
################## 犯罪嫌疑人 f1:0.964530892447409  precision:0.965635738830509 recall:0.9634285714274704
################## 组织机构 f1:0.9034749034679269  precision:0.921259842512431 recall:0.8863636363569216
################## 被盗物品 f1:0.8853046594971502  precision:0.8810939357896777 recall:0.8895558223278637
################## 物品价值 f1:0.9787928221827772  precision:0.9803921568595413 recall:0.9771986970652209
################## 受害人 f1:0.9564102564078041  precision:0.9764397905733602 recall:0.9371859296458865
################## 被盗货币 f1:0.8761061946825123  precision:0.8839285714206792 recall:0.8684210526239612
################## 地点 f1:0.876247504988271  precision:0.8815261044159005 recall:0.8710317460300178
################## 时间 f1:0.9250317661984117  precision:0.9357326478125045 recall:0.9145728643193102
################## 作案工具 f1:0.8744186046430287  precision:0.8623853210930056 recall:0.8867924528218227
################## 盗窃获利 f1:0.9320388349333584  precision:0.9056603773414026 recall:0.9599999999807999
{'eval_f1': 0.9229107600915558, 'eval_precision': 0.9262872628723777, 'eval_recall': 0.9195587839653162, 'eval_loss': 45.865875244140625, 'epoch': 30.0}
{'loss': 2.322, 'learning_rate': 1.1956521739130435e-05, 'epoch': 30.43}
{'loss': 4.1134, 'learning_rate': 1.1352657004830918e-05, 'epoch': 30.92}
################## 犯罪嫌疑人 f1:0.9668571428560379  precision:0.9668571428560379 recall:0.9668571428560379
################## 组织机构 f1:0.8923076923008285  precision:0.90624999999292 recall:0.8787878787812213
################## 被盗物品 f1:0.866348448686317  precision:0.8612099644117898 recall:0.8715486194467329
################## 物品价值 f1:0.9836601307157397  precision:0.9868852458984037 recall:0.9804560260554382
################## 受害人 f1:0.9591836734669409  precision:0.9740932642461811 recall:0.9447236180880786
################## 被盗货币 f1:0.8849557522045579  precision:0.8928571428491708 recall:0.8771929824484457
################## 地点 f1:0.8613861386121557  precision:0.8596837944647042 recall:0.8630952380935256
################## 时间 f1:0.9498746867144113  precision:0.9474999999976312 recall:0.9522613065302707
################## 作案工具 f1:0.8421052631498362  precision:0.8543689320305401 recall:0.830188679237451
################## 盗窃获利 f1:0.9411764705697808  precision:0.9230769230591716 recall:0.9599999999807999
{'eval_f1': 0.9196176114175523, 'eval_precision': 0.9204851752019082, 'eval_recall': 0.9187516814632987, 'eval_loss': 50.473175048828125, 'epoch': 31.0}
{'loss': 4.913, 'learning_rate': 1.0748792270531403e-05, 'epoch': 31.4}
{'loss': 3.6199, 'learning_rate': 1.0144927536231885e-05, 'epoch': 31.88}
################## 犯罪嫌疑人 f1:0.9634285714274704  precision:0.9634285714274704 recall:0.9634285714274704
################## 组织机构 f1:0.901515151508322  precision:0.901515151508322 recall:0.901515151508322
################## 被盗物品 f1:0.8701837581495315  precision:0.8594847775165579 recall:0.881152460983336
################## 物品价值 f1:0.9852700490966113  precision:0.9901315789441114 recall:0.9804560260554382
################## 受害人 f1:0.9593908629417275  precision:0.969230769228284 recall:0.9497487437162067
################## 被盗货币 f1:0.8684210526239612  precision:0.8684210526239612 recall:0.8684210526239612
################## 地点 f1:0.8545994065264994  precision:0.8520710059154791 recall:0.8571428571411565
################## 时间 f1:0.9523809523785655  precision:0.9499999999976251 recall:0.9547738693443347
################## 作案工具 f1:0.8640776698945235  precision:0.8899999999911 recall:0.839622641501513
################## 盗窃获利 f1:0.9230769230591716  precision:0.8888888888724279 recall:0.9599999999807999
{'eval_f1': 0.9192963609504715, 'eval_precision': 0.9176943699729443, 'eval_recall': 0.9209039548020121, 'eval_loss': 48.22085952758789, 'epoch': 32.0}
{'loss': 2.6034, 'learning_rate': 9.541062801932367e-06, 'epoch': 32.37}
{'loss': 4.4509, 'learning_rate': 8.93719806763285e-06, 'epoch': 32.85}
################## 犯罪嫌疑人 f1:0.9635119726328808  precision:0.9613196814551066 recall:0.9657142857131821
################## 组织机构 f1:0.9272030651269947  precision:0.9379844961167599 recall:0.9166666666597223
################## 被盗物品 f1:0.8778443113761942  precision:0.8757467144553456 recall:0.8799519807912606
################## 物品价值 f1:0.9836065573738243  precision:0.9900990098977225 recall:0.9771986970652209
################## 受害人 f1:0.9618320610662549  precision:0.9742268041212004 recall:0.9497487437162067
################## 被盗货币 f1:0.8859649122729301  precision:0.8859649122729301 recall:0.8859649122729301
################## 地点 f1:0.8577194752757665  precision:0.8726899383965654 recall:0.8432539682522951
################## 时间 f1:0.9522613065302707  precision:0.9522613065302707 recall:0.9522613065302707
################## 作案工具 f1:0.8666666666584126  precision:0.8749999999915865 recall:0.8584905660296368
################## 盗窃获利 f1:0.9514563106611367  precision:0.9245283018693484 recall:0.9799999999803999
{'eval_f1': 0.9237413955996967, 'eval_precision': 0.9268689057418942, 'eval_recall': 0.920634920634673, 'eval_loss': 50.85301208496094, 'epoch': 33.0}
{'loss': 3.1522, 'learning_rate': 8.333333333333334e-06, 'epoch': 33.33}
{'loss': 5.5713, 'learning_rate': 7.729468599033817e-06, 'epoch': 33.82}
################## 犯罪嫌疑人 f1:0.9599083619691181  precision:0.9621125143502157 recall:0.9577142857131912
################## 组织机构 f1:0.9097744360833853  precision:0.902985074620127 recall:0.9166666666597223
################## 被盗物品 f1:0.8776978417255663  precision:0.8766467065857765 recall:0.8787515005991852
################## 物品价值 f1:0.9836065573738243  precision:0.9900990098977225 recall:0.9771986970652209
################## 受害人 f1:0.965692503174166  precision:0.9768637532108564 recall:0.9547738693443347
################## 被盗货币 f1:0.8859649122729301  precision:0.8859649122729301 recall:0.8859649122729301
################## 地点 f1:0.8562992125967396  precision:0.8496093749983407 recall:0.8630952380935256
################## 时间 f1:0.9498746867144113  precision:0.9474999999976312 recall:0.9522613065302707
################## 作案工具 f1:0.8557692307610022  precision:0.8725490195992887 recall:0.839622641501513
################## 盗窃获利 f1:0.930693069288501  precision:0.9215686274329103 recall:0.9399999999812
{'eval_f1': 0.9213785675818736, 'eval_precision': 0.9221234168685201, 'eval_recall': 0.920634920634673, 'eval_loss': 52.68377685546875, 'epoch': 34.0}
{'loss': 5.2189, 'learning_rate': 7.125603864734299e-06, 'epoch': 34.3}
{'loss': 3.2086, 'learning_rate': 6.521739130434783e-06, 'epoch': 34.78}
################## 犯罪嫌疑人 f1:0.9651229273859747  precision:0.9656750572071331 recall:0.9645714285703262
################## 组织机构 f1:0.9097744360833853  precision:0.902985074620127 recall:0.9166666666597223
################## 被盗物品 f1:0.8879618593553182  precision:0.8816568047326845 recall:0.8943577430961652
################## 物品价值 f1:0.9836065573738243  precision:0.9900990098977225 recall:0.9771986970652209
################## 受害人 f1:0.9577464788707869  precision:0.9765013054804791 recall:0.9396984924599505
################## 被盗货币 f1:0.8733624454072195  precision:0.8695652173837429 recall:0.8771929824484457
################## 地点 f1:0.8616600790496806  precision:0.8582677165337436 recall:0.8650793650776487
################## 时间 f1:0.9498746867144113  precision:0.9474999999976312 recall:0.9522613065302707
################## 作案工具 f1:0.8504672897116778  precision:0.8425925925847908 recall:0.8584905660296368
################## 盗窃获利 f1:0.9423076922895709  precision:0.9074074073906035 recall:0.9799999999803999
{'eval_f1': 0.9243381265956392, 'eval_precision': 0.9234693877548541, 'eval_recall': 0.925208501479439, 'eval_loss': 52.80171203613281, 'epoch': 35.0}
{'loss': 5.4791, 'learning_rate': 5.917874396135266e-06, 'epoch': 35.27}
{'loss': 4.0599, 'learning_rate': 5.314009661835749e-06, 'epoch': 35.75}
################## 犯罪嫌疑人 f1:0.9622857142846145  precision:0.9622857142846145 recall:0.9622857142846145
################## 组织机构 f1:0.9083969465579512  precision:0.915384615377574 recall:0.901515151508322
################## 被盗物品 f1:0.8837209302315042  precision:0.8779620853070167 recall:0.8895558223278637
################## 物品价值 f1:0.9803278688492448  precision:0.98679867986473 recall:0.9739413680750035
################## 受害人 f1:0.9578544061278216  precision:0.9740259740234442 recall:0.9422110552740146
################## 被盗货币 f1:0.8820960698612917  precision:0.8782608695575803 recall:0.8859649122729301
################## 地点 f1:0.8554336989015844  precision:0.8597194388760326 recall:0.8511904761887873
################## 时间 f1:0.9535759096588368  precision:0.9523809523785655 recall:0.9547738693443347
################## 作案工具 f1:0.8785046728889859  precision:0.8703703703623114 recall:0.8867924528218227
################## 盗窃获利 f1:0.9514563106611367  precision:0.9245283018693484 recall:0.9799999999803999
{'eval_f1': 0.9232633279480551, 'eval_precision': 0.9240097008889991, 'eval_recall': 0.9225181598060472, 'eval_loss': 56.159915924072266, 'epoch': 36.0}
{'loss': 3.8872, 'learning_rate': 4.710144927536232e-06, 'epoch': 36.23}
{'loss': 2.6868, 'learning_rate': 4.106280193236716e-06, 'epoch': 36.71}
################## 犯罪嫌疑人 f1:0.9604584527209622  precision:0.9632183908034906 recall:0.9577142857131912
################## 组织机构 f1:0.9118773946290278  precision:0.9224806201478878 recall:0.901515151508322
################## 被盗物品 f1:0.8801431127002026  precision:0.8744075829373527 recall:0.8859543817516375
################## 物品价值 f1:0.9852700490966113  precision:0.9901315789441114 recall:0.9804560260554382
################## 受害人 f1:0.9657794676781603  precision:0.9744245524271754 recall:0.9572864321583988
################## 被盗货币 f1:0.8859649122729301  precision:0.8859649122729301 recall:0.8859649122729301
################## 地点 f1:0.8599801390251043  precision:0.8608349900579307 recall:0.8591269841252795
################## 时间 f1:0.945911949683155  precision:0.9471032745568083 recall:0.9447236180880786
################## 作案工具 f1:0.8703703703623114  precision:0.8545454545376859 recall:0.8867924528218227
################## 盗窃获利 f1:0.970873786388915  precision:0.9433962263972944 recall:0.9999999999799999
{'eval_f1': 0.9233046286326901, 'eval_precision': 0.9235531628530489, 'eval_recall': 0.9230562281407255, 'eval_loss': 50.20651626586914, 'epoch': 37.0}
{'loss': 2.762, 'learning_rate': 3.5024154589371984e-06, 'epoch': 37.2}
{'loss': 3.9458, 'learning_rate': 2.898550724637681e-06, 'epoch': 37.68}
################## 犯罪嫌疑人 f1:0.9629207073577148  precision:0.9612756264225953 recall:0.9645714285703262
################## 组织机构 f1:0.9083969465579512  precision:0.915384615377574 recall:0.901515151508322
################## 被盗物品 f1:0.8839712918649714  precision:0.8808104886759466 recall:0.887154861943713
################## 物品价值 f1:0.9852700490966113  precision:0.9901315789441114 recall:0.9804560260554382
################## 受害人 f1:0.9607097591864114  precision:0.969309462913122 recall:0.9522613065302707
################## 被盗货币 f1:0.8820960698612917  precision:0.8782608695575803 recall:0.8859649122729301
################## 地点 f1:0.8611111111094025  precision:0.8611111111094025 recall:0.8611111111094025
################## 时间 f1:0.9510664993702609  precision:0.9498746867144113 recall:0.9522613065302707
################## 作案工具 f1:0.8623853210930056  precision:0.8392857142782206 recall:0.8867924528218227
################## 盗窃获利 f1:0.970873786388915  precision:0.9433962263972944 recall:0.9999999999799999
{'eval_f1': 0.924482665949765, 'eval_precision': 0.9234899328856582, 'eval_recall': 0.9254775356467781, 'eval_loss': 53.29015350341797, 'epoch': 38.0}
{'loss': 3.6491, 'learning_rate': 2.2946859903381644e-06, 'epoch': 38.16}
{'loss': 4.9358, 'learning_rate': 1.6908212560386474e-06, 'epoch': 38.65}
################## 犯罪嫌疑人 f1:0.9640616086697501  precision:0.9624145785866032 recall:0.9657142857131821
################## 组织机构 f1:0.8973384030350013  precision:0.90076335877175 recall:0.8939393939326218
################## 被盗物品 f1:0.8808104886759466  precision:0.8745562130167165 recall:0.887154861943713
################## 物品价值 f1:0.9852700490966113  precision:0.9901315789441114 recall:0.9804560260554382
################## 受害人 f1:0.9606099110521967  precision:0.9717223650360625 recall:0.9497487437162067
################## 被盗货币 f1:0.8782608695575803  precision:0.8706896551649078 recall:0.8859649122729301
################## 地点 f1:0.8616915422868424  precision:0.8642714570841032 recall:0.8591269841252795
################## 时间 f1:0.9510664993702609  precision:0.9498746867144113 recall:0.9522613065302707
################## 作案工具 f1:0.8703703703623114  precision:0.8545454545376859 recall:0.8867924528218227
################## 盗窃获利 f1:0.9423076922895709  precision:0.9074074073906035 recall:0.9799999999803999
{'eval_f1': 0.9234282643737444, 'eval_precision': 0.9221894284945205, 'eval_recall': 0.9246704331447606, 'eval_loss': 55.362525939941406, 'epoch': 39.0}
{'loss': 2.1889, 'learning_rate': 1.0869565217391306e-06, 'epoch': 39.13}
{'loss': 3.3061, 'learning_rate': 4.830917874396135e-07, 'epoch': 39.61}
################## 犯罪嫌疑人 f1:0.9640205596790816  precision:0.9634703196336034 recall:0.9645714285703262
################## 组织机构 f1:0.8973384030350013  precision:0.90076335877175 recall:0.8939393939326218
################## 被盗物品 f1:0.8776978417255663  precision:0.8766467065857765 recall:0.8787515005991852
################## 物品价值 f1:0.9852700490966113  precision:0.9901315789441114 recall:0.9804560260554382
################## 受害人 f1:0.9555273189302274  precision:0.9665809768612684 recall:0.9447236180880786
################## 被盗货币 f1:0.8782608695575803  precision:0.8706896551649078 recall:0.8859649122729301
################## 地点 f1:0.861966236343869  precision:0.8628230616285033 recall:0.8611111111094025
################## 时间 f1:0.9535759096588368  precision:0.9523809523785655 recall:0.9547738693443347
################## 作案工具 f1:0.8703703703623114  precision:0.8545454545376859 recall:0.8867924528218227
################## 盗窃获利 f1:0.970873786388915  precision:0.9433962263972944 recall:0.9999999999799999
{'eval_f1': 0.9229113413155058, 'eval_precision': 0.9230355220664901, 'eval_recall': 0.9227871939733864, 'eval_loss': 55.4473762512207, 'epoch': 40.0}
{'train_runtime': 26113.9154, 'train_samples_per_second': 25.36, 'train_steps_per_second': 1.585, 'train_loss': 3.3775011175035856, 'epoch': 40.0}
***** train metrics *****
  epoch                    =       40.0
  train_loss               =     3.3775
  train_runtime            = 7:15:13.91
  train_samples_per_second =      25.36
  train_steps_per_second   =      1.585
*** Evaluation ***
################## 犯罪嫌疑人 f1:0.9612314709225072  precision:0.9590443685995915 recall:0.9634285714274704
################## 组织机构 f1:0.9147286821634518  precision:0.9365079365005039 recall:0.8939393939326218
################## 被盗物品 f1:0.882915173236699  precision:0.878715814505495 recall:0.887154861943713
################## 物品价值 f1:0.9836601307157397  precision:0.9868852458984037 recall:0.9804560260554382
################## 受害人 f1:0.9554140127364193  precision:0.9689922480595117 recall:0.9422110552740146
################## 被盗货币 f1:0.8956521739052552  precision:0.887931034475104 recall:0.903508771921899
################## 地点 f1:0.8794466403144675  precision:0.8759842519667795 recall:0.8829365079347561
################## 时间 f1:0.9473684210502572  precision:0.9449999999976375 recall:0.9497487437162067
################## 作案工具 f1:0.8749999999915865  precision:0.8921568627363514 recall:0.8584905660296368
################## 盗窃获利 f1:0.9215686274329103  precision:0.9038461538287721 recall:0.9399999999812
***** eval metrics *****
  epoch          =    40.0
  eval_f1        =  0.9256
  eval_loss      = 38.6379
  eval_precision =  0.9257
  eval_recall    =  0.9255
