# 不添加提示信息，跑出来的每个实体类型的具体指标，使用的e12a72e4 跑的
***** Train *****
{'loss': 25.546, 'learning_rate': 4.9111269107714185e-05, 'epoch': 0.18}
{'loss': 4.4394, 'learning_rate': 4.822253821542837e-05, 'epoch': 0.36}
{'loss': 2.7299, 'learning_rate': 4.733380732314255e-05, 'epoch': 0.53}
{'loss': 2.038, 'learning_rate': 4.644507643085674e-05, 'epoch': 0.71}
{'loss': 2.0062, 'learning_rate': 4.555634553857092e-05, 'epoch': 0.89}
################## NHVI f1:0.9190371991227155  precision:0.9071274298036563 recall:0.9312638580910615
################## NHCS f1:0.9236559139775015  precision:0.9042105263148377 recall:0.9439560439550067
################## NASI f1:0.76231003039421  precision:0.7473182359943417 recall:0.7779156327533773
################## NT f1:0.9358669833706986  precision:0.9425837320551613 recall:0.9292452830166763
################## NS f1:0.6653426017861662  precision:0.7188841201701311 recall:0.6192236598879497
################## NCSP f1:0.924369747883624  precision:0.9166666666513889 recall:0.9322033898147084
################## NCGV f1:0.963478260866214  precision:0.9787985865689796 recall:0.9486301369830527
################## NCSM f1:0.7642276422702096  precision:0.8103448275792211 recall:0.723076923071361
################## NATS f1:0.7043478260808317  precision:0.6694214875977733 recall:0.7431192660482282
################## NO f1:0.695238095231474  precision:0.695238095231474 recall:0.695238095231474
{'eval_f1': 0.8270096463020381, 'eval_precision': 0.8143363728468049, 'eval_recall': 0.8400836164095009, 'eval_loss': 2.09354567527771, 'epoch': 1.0}
{'loss': 1.9286, 'learning_rate': 4.4667614646285106e-05, 'epoch': 1.07}
{'loss': 1.5397, 'learning_rate': 4.377888375399929e-05, 'epoch': 1.24}
{'loss': 1.3743, 'learning_rate': 4.289015286171347e-05, 'epoch': 1.42}
{'loss': 1.5445, 'learning_rate': 4.2001421969427655e-05, 'epoch': 1.6}
{'loss': 1.5208, 'learning_rate': 4.1112691077141844e-05, 'epoch': 1.78}
{'loss': 1.4278, 'learning_rate': 4.022396018485603e-05, 'epoch': 1.96}
################## NHVI f1:0.9486607142835968  precision:0.9550561797731347 recall:0.9423503325921456
################## NHCS f1:0.961645358531449  precision:0.9730033745770833 recall:0.950549450548406
################## NASI f1:0.8087227414320141  precision:0.8122653316635642 recall:0.8052109181131449
################## NT f1:0.9510155316584206  precision:0.9636803874068677 recall:0.938679245280805
################## NS f1:0.8449396471664904  precision:0.8488805970133416 recall:0.8410351201463198
################## NCSP f1:0.9401709401548688  precision:0.9482758620526158 recall:0.9322033898147084
################## NCGV f1:0.9641025640992681  precision:0.9624573378806742 recall:0.9657534246542269
################## NCSM f1:0.8346456692847667  precision:0.8548387096705254 recall:0.8153846153783433
################## NATS f1:0.8133971291788191  precision:0.8499999999915 recall:0.7798165137543136
################## NO f1:0.8514851485064209  precision:0.8865979381351897 recall:0.8190476190398186
{'eval_f1': 0.8852501624429148, 'eval_precision': 0.880558428128004, 'eval_recall': 0.8899921609613561, 'eval_loss': 1.8899402618408203, 'epoch': 2.0}
{'loss': 1.1107, 'learning_rate': 3.9335229292570217e-05, 'epoch': 2.13}
{'loss': 1.3204, 'learning_rate': 3.84464984002844e-05, 'epoch': 2.31}
{'loss': 1.159, 'learning_rate': 3.755776750799858e-05, 'epoch': 2.49}
{'loss': 1.1816, 'learning_rate': 3.6669036615712765e-05, 'epoch': 2.67}
{'loss': 1.3905, 'learning_rate': 3.578030572342695e-05, 'epoch': 2.84}
################## NHVI f1:0.9476031215140522  precision:0.9529147982041415 recall:0.9423503325921456
################## NHCS f1:0.9626740947064483  precision:0.9762711864395749 recall:0.9494505494495061
################## NASI f1:0.7776412776403223  precision:0.7700729926997931 recall:0.7853598014878593
################## NT f1:0.943980929675938  precision:0.9542168674675803 recall:0.9339622641487407
################## NS f1:0.8411934552438091  precision:0.8775100401588806 recall:0.8077634011075642
################## NCSP f1:0.9401709401548688  precision:0.9482758620526158 recall:0.9322033898147084
################## NCGV f1:0.97400346620113  precision:0.9859649122772423 recall:0.962328767119992
################## NCSM f1:0.7948717948650011  precision:0.8942307692221708 recall:0.7153846153791125
################## NATS f1:0.7326732673194785  precision:0.7956989247226268 recall:0.6788990825625789
################## NO f1:0.8350515463831437  precision:0.9101123595403358 recall:0.7714285714212245
{'eval_f1': 0.8790311965247126, 'eval_precision': 0.8856763925727094, 'eval_recall': 0.8724849751761504, 'eval_loss': 2.810336112976074, 'epoch': 3.0}
{'loss': 1.5028, 'learning_rate': 3.489157483114113e-05, 'epoch': 3.02}
{'loss': 1.0713, 'learning_rate': 3.4002843938855313e-05, 'epoch': 3.2}
{'loss': 1.0684, 'learning_rate': 3.31141130465695e-05, 'epoch': 3.38}
{'loss': 0.967, 'learning_rate': 3.2225382154283686e-05, 'epoch': 3.55}
{'loss': 0.9232, 'learning_rate': 3.133665126199787e-05, 'epoch': 3.73}
{'loss': 0.9413, 'learning_rate': 3.044792036971205e-05, 'epoch': 3.91}
################## NHVI f1:0.9425028184871647  precision:0.9587155963280763 recall:0.926829268290628
################## NHCS f1:0.966354109210186  precision:0.970099667773012 recall:0.9626373626363048
################## NASI f1:0.8480300187606654  precision:0.8549810844882031 recall:0.841191066996475
################## NT f1:0.9581839904397654  precision:0.9709443099250098 recall:0.9457547169789016
################## NS f1:0.852582159622812  precision:0.8664122137388046 recall:0.8391866913108333
################## NCSP f1:0.9666666666505555  precision:0.9508196721155603 recall:0.9830508474409652
################## NCGV f1:0.9756097560941617  precision:0.9929078014149189 recall:0.9589041095857572
################## NCSM f1:0.848249027230753  precision:0.8582677165286751 recall:0.8384615384550889
################## NATS f1:0.7669902912546894  precision:0.8144329896823254 recall:0.7247706421951856
################## NO f1:0.8436018957266009  precision:0.839622641501513 recall:0.8476190476109751
{'eval_f1': 0.8992815153492099, 'eval_precision': 0.8991640543362333, 'eval_recall': 0.8993990070548996, 'eval_loss': 2.506617546081543, 'epoch': 4.0}
{'loss': 0.9217, 'learning_rate': 2.9559189477426234e-05, 'epoch': 4.09}
{'loss': 0.8793, 'learning_rate': 2.867045858514042e-05, 'epoch': 4.27}
{'loss': 1.0695, 'learning_rate': 2.7781727692854603e-05, 'epoch': 4.44}
{'loss': 1.1001, 'learning_rate': 2.6892996800568786e-05, 'epoch': 4.62}
{'loss': 1.2093, 'learning_rate': 2.6004265908282972e-05, 'epoch': 4.8}
{'loss': 1.4478, 'learning_rate': 2.5115535015997155e-05, 'epoch': 4.98}
################## NHVI f1:0.9611542730278332  precision:0.962222222220084 recall:0.9600886917938801
################## NHCS f1:0.9684210526305059  precision:0.976536312848071 recall:0.960439560438505
################## NASI f1:0.8436317780569438  precision:0.8576923076912081 recall:0.8300248138947518
################## NT f1:0.9524940617554573  precision:0.9593301435383749 recall:0.9457547169789016
################## NS f1:0.8574074074058197  precision:0.8589981447108368 recall:0.8558225508302111
################## NCSP f1:0.9491525423567939  precision:0.9491525423567939 recall:0.9491525423567939
################## NCGV f1:0.9756944444410567  precision:0.989436619714826 recall:0.962328767119992
################## NCSM f1:0.8617886178791725  precision:0.9137931034403983 recall:0.8153846153783433
################## NATS f1:0.7850467289646257  precision:0.7999999999923809 recall:0.7706422018277922
################## NO f1:0.854271356775334  precision:0.9042553191393164 recall:0.8095238095160997
{'eval_f1': 0.9020120198586616, 'eval_precision': 0.9020120198586616, 'eval_recall': 0.9020120198586616, 'eval_loss': 3.935845375061035, 'epoch': 5.0}
{'loss': 0.9942, 'learning_rate': 2.422680412371134e-05, 'epoch': 5.15}
{'loss': 1.829, 'learning_rate': 2.3338073231425524e-05, 'epoch': 5.33}
{'loss': 0.8892, 'learning_rate': 2.244934233913971e-05, 'epoch': 5.51}
{'loss': 1.212, 'learning_rate': 2.1560611446853893e-05, 'epoch': 5.69}
{'loss': 1.6501, 'learning_rate': 2.0671880554568076e-05, 'epoch': 5.87}
################## NHVI f1:0.9463307776540059  precision:0.9350649350629111 recall:0.9578713968936633
################## NHCS f1:0.9730917078517594  precision:0.9725576289780762 recall:0.9736263736253037
################## NASI f1:0.8299319727880892  precision:0.8273736128226543 recall:0.8325062034729125
################## NT f1:0.9454976303295131  precision:0.9499999999977381 recall:0.9410377358468373
################## NS f1:0.8531855955662915  precision:0.8523985239836672 recall:0.8539741219947247
################## NCSP f1:0.9572649572485937  precision:0.9655172413626635 recall:0.9491525423567939
################## NCGV f1:0.9774696707071838  precision:0.9894736842070545 recall:0.9657534246542269
################## NCSM f1:0.8548387096705256  precision:0.89830508473815 recall:0.8153846153783433
################## NATS f1:0.7443946188274045  precision:0.7280701754322099 recall:0.7614678899012709
################## NO f1:0.8699999999913  precision:0.9157894736745706 recall:0.8285714285635374
{'eval_f1': 0.8939354838707371, 'eval_precision': 0.8829977058371443, 'eval_recall': 0.9051476352231761, 'eval_loss': 4.908212184906006, 'epoch': 6.0}
{'loss': 1.1092, 'learning_rate': 1.9783149662282262e-05, 'epoch': 6.04}
{'loss': 1.2128, 'learning_rate': 1.889441876999645e-05, 'epoch': 6.22}
{'loss': 1.2281, 'learning_rate': 1.800568787771063e-05, 'epoch': 6.4}
{'loss': 1.5884, 'learning_rate': 1.7116956985424814e-05, 'epoch': 6.58}
{'loss': 1.4052, 'learning_rate': 1.6228226093138997e-05, 'epoch': 6.75}
{'loss': 1.4651, 'learning_rate': 1.5339495200853183e-05, 'epoch': 6.93}
################## NHVI f1:0.9526952695248566  precision:0.9454148471595079 recall:0.9600886917938801
################## NHCS f1:0.9643652561236478  precision:0.9774266365677455 recall:0.9516483516473059
################## NASI f1:0.8462013588624506  precision:0.8425584255832195 recall:0.8498759305200374
################## NT f1:0.9477434679312405  precision:0.954545454543171 recall:0.9410377358468373
################## NS f1:0.8608534322804066  precision:0.8640595903149645 recall:0.8576709796656975
################## NCSP f1:0.9661016948988795  precision:0.9661016948988795 recall:0.9661016948988795
################## NCGV f1:0.97400346620113  precision:0.9859649122772423 recall:0.962328767119992
################## NCSM f1:0.8744939271184252  precision:0.9230769230690336 recall:0.8307692307628403
################## NATS f1:0.8186046511551758  precision:0.830188679237451 recall:0.8073394495338776
################## NO f1:0.8921568627363514  precision:0.9191919191826344 recall:0.8666666666584126
{'eval_f1': 0.9015840041545309, 'eval_precision': 0.8959999999997688, 'eval_recall': 0.9072380454661857, 'eval_loss': 7.43154239654541, 'epoch': 7.0}
{'loss': 1.0936, 'learning_rate': 1.4450764308567366e-05, 'epoch': 7.11}
{'loss': 1.1634, 'learning_rate': 1.356203341628155e-05, 'epoch': 7.29}
{'loss': 1.5887, 'learning_rate': 1.2673302523995733e-05, 'epoch': 7.47}
{'loss': 1.1846, 'learning_rate': 1.178457163170992e-05, 'epoch': 7.64}
{'loss': 1.2236, 'learning_rate': 1.0895840739424102e-05, 'epoch': 7.82}
{'loss': 1.5058, 'learning_rate': 1.0007109847138287e-05, 'epoch': 8.0}
################## NHVI f1:0.9522752497204168  precision:0.9533333333312148 recall:0.9512195121930128
################## NHCS f1:0.9628808864255259  precision:0.9709497206693062 recall:0.9549450549440056
################## NASI f1:0.8449328449318133  precision:0.8317307692297695 recall:0.8585607940435999
################## NT f1:0.9536266349561151  precision:0.9616306954413391 recall:0.9457547169789016
################## NS f1:0.8520930232542286  precision:0.8576779026201167 recall:0.846580406652779
################## NCSP f1:0.9482758620526158  precision:0.964912280684826 recall:0.9322033898147084
################## NCGV f1:0.9809358752132377  precision:0.9929824561368668 recall:0.9691780821884618
################## NCSM f1:0.8799999999929601  precision:0.9166666666590277 recall:0.8461538461473374
################## NATS f1:0.8130841121419338  precision:0.8285714285635374 recall:0.7981651376073563
################## NO f1:0.852941176462226  precision:0.8787878787790021 recall:0.8285714285635374
{'eval_f1': 0.8986407766987965, 'eval_precision': 0.8904566444328141, 'eval_recall': 0.9069767441858095, 'eval_loss': 7.530751705169678, 'epoch': 8.0}
{'loss': 1.2829, 'learning_rate': 9.118378954852471e-06, 'epoch': 8.18}
{'loss': 1.1091, 'learning_rate': 8.229648062566656e-06, 'epoch': 8.35}
{'loss': 1.5563, 'learning_rate': 7.340917170280839e-06, 'epoch': 8.53}
{'loss': 1.3688, 'learning_rate': 6.452186277995023e-06, 'epoch': 8.71}
{'loss': 0.9073, 'learning_rate': 5.5634553857092076e-06, 'epoch': 8.89}
################## NHVI f1:0.9542920847247396  precision:0.9596412556032295 recall:0.949002217292796
################## NHCS f1:0.9661299278168061  precision:0.9764309764298805 recall:0.9560439560429055
################## NASI f1:0.8571428571417877  precision:0.8619824341268985 recall:0.8523573200981981
################## NT f1:0.9560047562402949  precision:0.9640287769761055 recall:0.9481132075449337
################## NS f1:0.8595664467467303  precision:0.8769230769213906 recall:0.8428835489818062
################## NCSP f1:0.9491525423567939  precision:0.9491525423567939 recall:0.9491525423567939
################## NCGV f1:0.9809358752132377  precision:0.9929824561368668 recall:0.9691780821884618
################## NCSM f1:0.8790322580574272  precision:0.9237288135514938 recall:0.8384615384550889
################## NATS f1:0.7999999999925581  precision:0.8113207547093272 recall:0.7889908256808349
################## NO f1:0.8699999999913  precision:0.9157894736745706 recall:0.8285714285635374
{'eval_f1': 0.9051476352231761, 'eval_precision': 0.9051476352231761, 'eval_recall': 0.9051476352231761, 'eval_loss': 9.022591590881348, 'epoch': 9.0}
{'loss': 1.2425, 'learning_rate': 4.674724493423391e-06, 'epoch': 9.07}
{'loss': 0.7927, 'learning_rate': 3.785993601137576e-06, 'epoch': 9.24}
{'loss': 1.7339, 'learning_rate': 2.89726270885176e-06, 'epoch': 9.42}
{'loss': 0.8165, 'learning_rate': 2.008531816565944e-06, 'epoch': 9.6}
{'loss': 1.2828, 'learning_rate': 1.119800924280128e-06, 'epoch': 9.78}
{'loss': 0.8361, 'learning_rate': 2.3107003199431212e-07, 'epoch': 9.95}
################## NHVI f1:0.9519553072604425  precision:0.9594594594572985 recall:0.9445676274923624
################## NHCS f1:0.9702970297019029  precision:0.97136563876545 recall:0.9692307692297042
################## NASI f1:0.8566153846143303  precision:0.8498168498158122 recall:0.8635235731999212
################## NT f1:0.9583828775244747  precision:0.966426858510872 recall:0.9504716981109659
################## NS f1:0.8651162790681579  precision:0.8707865168523019 recall:0.8595194085011839
################## NCSP f1:0.9491525423567939  precision:0.9491525423567939 recall:0.9491525423567939
################## NCGV f1:0.9809358752132377  precision:0.9929824561368668 recall:0.9691780821884618
################## NCSM f1:0.8844621513873748  precision:0.917355371893245 recall:0.8538461538395858
################## NATS f1:0.8130841121419338  precision:0.8285714285635374 recall:0.7981651376073563
################## NO f1:0.88235294116782  precision:0.9090909090817263 recall:0.8571428571346938
{'eval_f1': 0.9062419062416716, 'eval_precision': 0.8983311938380235, 'eval_recall': 0.9142931800363433, 'eval_loss': 9.032753944396973, 'epoch': 10.0}
{'train_runtime': 21546.7783, 'train_samples_per_second': 20.885, 'train_steps_per_second': 1.306, 'train_loss': 1.797049929838862, 'epoch': 10.0}
***** train metrics *****
  epoch                    =       10.0
  train_loss               =      1.797
  train_runtime            = 5:59:06.77
  train_samples_per_second =     20.885
  train_steps_per_second   =      1.306
*** Evaluation ***
################## NHVI f1:0.9519553072604425  precision:0.9594594594572985 recall:0.9445676274923624
################## NHCS f1:0.9702970297019029  precision:0.97136563876545 recall:0.9692307692297042
################## NASI f1:0.8566153846143303  precision:0.8498168498158122 recall:0.8635235731999212
################## NT f1:0.9583828775244747  precision:0.966426858510872 recall:0.9504716981109659
################## NS f1:0.8651162790681579  precision:0.8707865168523019 recall:0.8595194085011839
################## NCSP f1:0.9491525423567939  precision:0.9491525423567939 recall:0.9491525423567939
################## NCGV f1:0.9809358752132377  precision:0.9929824561368668 recall:0.9691780821884618
################## NCSM f1:0.8844621513873748  precision:0.917355371893245 recall:0.8538461538395858
################## NATS f1:0.8130841121419338  precision:0.8285714285635374 recall:0.7981651376073563
################## NO f1:0.88235294116782  precision:0.9090909090817263 recall:0.8571428571346938
***** eval metrics *****
  epoch          =   10.0
  eval_f1        = 0.9062
  eval_loss      = 9.0328
  eval_precision = 0.8983
  eval_recall    = 0.9143
